
User John Doe logged in 2024-02-08 19:48:11
User John Doe logged in 2024-02-08 19:49:49
User John Doe logged in 2024-02-08 19:58:27
User John Doe logged in 2024-02-08 19:58:27
Failed login attempt for user John Doe 2024-02-08 19:59:57
Failed login attempt for user John Doe 2024-02-08 20:00:13
Failed login attempt for user John Doe 2024-02-08 20:06:41
User John Doe logged in 2024-02-08 20:06:46
User John Doe logged in 2024-02-08 20:06:46
User logged out 2024-02-08 20:06:50
User John Doe logged in 2024-02-08 20:07:15
User John Doe logged in 2024-02-08 20:07:15
User John Doe logged in 2024-02-08 21:29:03
User John Doe logged in 2024-02-08 21:29:03
User logged out 2024-02-08 21:30:03
User John Doe logged in 2024-02-08 21:30:17
User John Doe logged in 2024-02-08 21:30:17
Failed login attempt for user John Doe 2024-02-08 22:44:31
Failed login attempt for user John Doe 2024-02-08 22:44:44
User Artem logged in 2024-02-08 22:44:51
User Artem logged in 2024-02-08 22:44:51
User Artem logged in 2024-02-08 22:45:04
User Artem logged in 2024-02-08 22:45:04
User Artem logged in 2024-02-08 22:45:07
User Artem logged in 2024-02-08 22:45:07
User logged out 2024-02-08 22:45:10
User Artem logged in 2024-02-08 22:45:36
User Artem logged in 2024-02-08 22:45:36
User logged out 2024-02-08 22:49:57
User logged out 2024-02-08 23:00:09
User Artem logged in 2024-02-08 23:00:14
User Artem logged in 2024-02-08 23:00:14
User with name 11 not found 2024-02-08 23:08:57
User Artem logged in 2024-02-09 11:23:20
User Artem logged in 2024-02-09 11:23:20
User Artem logged in 2024-02-09 11:46:36
User Artem logged in 2024-02-09 11:46:36
User with name Tomw not found 2024-02-09 11:48:36
User logged out 2024-02-09 12:00:10